<?xml version="1.0" encoding="UTF-8"?>
<!-- Generated by org.testng.reporters.JUnitReportReporter -->
<testsuite hostname="Miloo" failures="0" tests="1" name="JavaSeleniumAutomation.AutomationFrameworkSelenium.MaximizeMinimize" time="9.263" errors="0" timestamp="2025-12-20T20:30:04 IST" skipped="0">
  <testcase classname="JavaSeleniumAutomation.AutomationFrameworkSelenium.MaximizeMinimize" name="maxAndMinimize" time="9.263"/>
</testsuite> <!-- JavaSeleniumAutomation.AutomationFrameworkSelenium.MaximizeMinimize -->
