<?xml version="1.0" encoding="UTF-8"?>
<!-- Generated by org.testng.reporters.JUnitReportReporter -->
<testsuite hostname="Miloo" failures="0" tests="1" name="ex03_Locators.TestSelenium17_Project_Locators_Selenium_ID_CLASSNAME_NAME" time="23.909" errors="0" timestamp="2026-01-03T23:36:13 IST" skipped="0">
  <testcase classname="ex03_Locators.TestSelenium17_Project_Locators_Selenium_ID_CLASSNAME_NAME" name="test_vwo_login_invalid_login" time="23.909"/>
</testsuite> <!-- ex03_Locators.TestSelenium17_Project_Locators_Selenium_ID_CLASSNAME_NAME -->
