<?xml version="1.0" encoding="UTF-8"?>
<!-- Generated by org.testng.reporters.JUnitReportReporter -->
<testsuite hostname="Miloo" failures="0" tests="1" name="JavaSeleniumAutomation.AutomationFrameworkSelenium.SeleniumCommands" time="7.102" errors="0" timestamp="2025-12-20T20:24:12 IST" skipped="0">
  <testcase classname="JavaSeleniumAutomation.AutomationFrameworkSelenium.SeleniumCommands" name="commands" time="7.102"/>
</testsuite> <!-- JavaSeleniumAutomation.AutomationFrameworkSelenium.SeleniumCommands -->
