<?xml version="1.0" encoding="UTF-8"?>
<!-- Generated by org.testng.reporters.JUnitReportReporter -->
<testsuite hostname="Miloo" failures="0" tests="1" name="JavaSeleniumAutomation.AutomationFrameworkSelenium.SeleniumBasics" time="3.938" errors="0" timestamp="2025-12-28T00:36:48 IST" skipped="0">
  <testcase classname="JavaSeleniumAutomation.AutomationFrameworkSelenium.SeleniumBasics" name="basics" time="3.938"/>
</testsuite> <!-- JavaSeleniumAutomation.AutomationFrameworkSelenium.SeleniumBasics -->
