<?xml version="1.0" encoding="UTF-8"?>
<!-- Generated by org.testng.reporters.JUnitReportReporter -->
<testsuite hostname="Miloo" failures="0" tests="1" name="JavaSeleniumAutomation.AutomationFrameworkSelenium.TestSelenium16_Mini_Project_2_Add_Extension" time="19.817" errors="0" timestamp="2025-12-21T09:53:16 IST" skipped="0">
  <testcase classname="JavaSeleniumAutomation.AutomationFrameworkSelenium.TestSelenium16_Mini_Project_2_Add_Extension" name="test_Selenium01" time="19.817"/>
</testsuite> <!-- JavaSeleniumAutomation.AutomationFrameworkSelenium.TestSelenium16_Mini_Project_2_Add_Extension -->
