<?xml version="1.0" encoding="UTF-8"?>
<!-- Generated by org.testng.reporters.JUnitReportReporter -->
<testsuite hostname="Miloo" failures="0" tests="1" name="JavaSeleniumAutomation.AutomationFrameworkSelenium.TestSelenium16_Mini_Project_2_Add_Extension" time="17.600" errors="0" timestamp="2026-01-03T08:49:05 IST" skipped="0">
  <testcase classname="JavaSeleniumAutomation.AutomationFrameworkSelenium.TestSelenium16_Mini_Project_2_Add_Extension" name="test_Selenium01" time="17.600"/>
</testsuite> <!-- JavaSeleniumAutomation.AutomationFrameworkSelenium.TestSelenium16_Mini_Project_2_Add_Extension -->
