<?xml version="1.0" encoding="UTF-8"?>
<!-- Generated by org.testng.reporters.JUnitReportReporter -->
<testsuite hostname="Miloo" failures="0" tests="1" name="ex06_Input_Select_Alerts_Radio.TestSelenium26_Input_Checkbox_Radio" time="14.497" errors="0" timestamp="2026-01-09T15:14:42 IST" skipped="0">
  <testcase classname="ex06_Input_Select_Alerts_Radio.TestSelenium26_Input_Checkbox_Radio" name="test_HTMLTags" time="14.497"/>
</testsuite> <!-- ex06_Input_Select_Alerts_Radio.TestSelenium26_Input_Checkbox_Radio -->
