<?xml version="1.0" encoding="UTF-8"?>
<!-- Generated by org.testng.reporters.JUnitReportReporter -->
<testsuite hostname="Miloo" failures="0" tests="2" name="smallpageAutomation.TTABankBeneficiaryPage" time="6.458" errors="0" timestamp="2025-12-30T00:36:26 IST" skipped="1">
  <testcase classname="smallpageAutomation.TTABankBeneficiaryPage" name="signup" time="6.458"/>
  <testcase classname="smallpageAutomation.TTABankBeneficiaryPage" name="login">
    <skipped/>
  </testcase> <!-- login -->
</testsuite> <!-- smallpageAutomation.TTABankBeneficiaryPage -->
