<?xml version="1.0" encoding="UTF-8"?>
<!-- Generated by org.testng.reporters.JUnitReportReporter -->
<testsuite hostname="Miloo" failures="0" tests="1" name="JavaSeleniumAutomation.AutomationFrameworkSelenium.getVsNavigateTo" time="5.201" errors="0" timestamp="2025-12-20T20:38:06 IST" skipped="0">
  <testcase classname="JavaSeleniumAutomation.AutomationFrameworkSelenium.getVsNavigateTo" name="getvsnavigate_check" time="5.201"/>
</testsuite> <!-- JavaSeleniumAutomation.AutomationFrameworkSelenium.getVsNavigateTo -->
