<?xml version="1.0" encoding="UTF-8"?>
<!-- Generated by org.testng.reporters.JUnitReportReporter -->
<testsuite hostname="Miloo" failures="0" tests="1" name="JavaSeleniumAutomation.AutomationFrameworkSelenium.SeleniumBasics" time="4.995" errors="0" timestamp="2025-12-20T20:11:55 IST" skipped="0">
  <testcase classname="JavaSeleniumAutomation.AutomationFrameworkSelenium.SeleniumBasics" name="basics" time="4.995"/>
</testsuite> <!-- JavaSeleniumAutomation.AutomationFrameworkSelenium.SeleniumBasics -->
