<?xml version="1.0" encoding="UTF-8"?>
<!-- Generated by org.testng.reporters.JUnitReportReporter -->
<testsuite hostname="Miloo" failures="0" tests="1" name="ex03_Locators.TestSelenium18_LinkText_Partial_Text_TagName_Locators" time="20.645" errors="0" timestamp="2026-01-04T00:04:12 IST" skipped="0">
  <testcase classname="ex03_Locators.TestSelenium18_LinkText_Partial_Text_TagName_Locators" name="test_login_vwo" time="20.645"/>
</testsuite> <!-- ex03_Locators.TestSelenium18_LinkText_Partial_Text_TagName_Locators -->
