<?xml version="1.0" encoding="UTF-8"?>
<testng-results ignored="0" total="1" passed="1" failed="0" skipped="0">
  <reporter-output>
  </reporter-output>
  <suite started-at="2025-12-21T09:52:55 IST" name="Default suite" finished-at="2025-12-21T09:53:15 IST" duration-ms="19968">
    <groups>
    </groups>
    <test started-at="2025-12-21T09:52:55 IST" name="Default test" finished-at="2025-12-21T09:53:15 IST" duration-ms="19968">
      <class name="JavaSeleniumAutomation.AutomationFrameworkSelenium.TestSelenium16_Mini_Project_2_Add_Extension">
        <test-method signature="test_Selenium01()[pri:0, instance:JavaSeleniumAutomation.AutomationFrameworkSelenium.TestSelenium16_Mini_Project_2_Add_Extension@6cb107fd]" started-at="2025-12-21T09:52:56 IST" name="test_Selenium01" finished-at="2025-12-21T09:53:15 IST" duration-ms="19817" status="PASS">
          <reporter-output>
          </reporter-output>
        </test-method> <!-- test_Selenium01 -->
      </class> <!-- JavaSeleniumAutomation.AutomationFrameworkSelenium.TestSelenium16_Mini_Project_2_Add_Extension -->
    </test> <!-- Default test -->
  </suite> <!-- Default suite -->
</testng-results>
