<?xml version="1.0" encoding="UTF-8"?>
<testng-results ignored="0" total="1" passed="1" failed="0" skipped="0">
  <reporter-output>
  </reporter-output>
  <suite started-at="2025-12-30T00:36:19 IST" name="Default suite" finished-at="2025-12-30T00:36:25 IST" duration-ms="6681">
    <groups>
    </groups>
    <test started-at="2025-12-30T00:36:19 IST" name="Default test" finished-at="2025-12-30T00:36:25 IST" duration-ms="6681">
      <class name="smallpageAutomation.TTABankBeneficiaryPage">
        <test-method signature="signup()[pri:0, instance:smallpageAutomation.TTABankBeneficiaryPage@5965d37]" started-at="2025-12-30T00:36:19 IST" name="signup" finished-at="2025-12-30T00:36:25 IST" duration-ms="6458" status="PASS">
          <reporter-output>
          </reporter-output>
        </test-method> <!-- signup -->
      </class> <!-- smallpageAutomation.TTABankBeneficiaryPage -->
    </test> <!-- Default test -->
  </suite> <!-- Default suite -->
</testng-results>
